2025-03-15 19:59:28 [restartedMain] INFO  c.e.A.Book.AddressBookApplication - Starting AddressBookApplication using Java 22.0.1 with PID 7896 (D:\Work\SpringBoot Assignments\Address-Book\target\classes started by kusha in D:\Work\SpringBoot Assignments\Address-Book)
2025-03-15 19:59:28 [restartedMain] DEBUG c.e.A.Book.AddressBookApplication - Running with Spring Boot v3.4.3, Spring v6.2.3
2025-03-15 19:59:28 [restartedMain] INFO  c.e.A.Book.AddressBookApplication - The following 1 profile is active: "dev"
2025-03-15 19:59:28 [restartedMain] INFO  o.s.b.d.e.DevToolsPropertyDefaultsPostProcessor - Devtools property defaults active! Set 'spring.devtools.add-properties' to 'false' to disable
2025-03-15 19:59:28 [restartedMain] INFO  o.s.b.d.e.DevToolsPropertyDefaultsPostProcessor - For additional web related logging consider setting the 'logging.level.web' property to 'DEBUG'
2025-03-15 19:59:30 [restartedMain] INFO  o.s.d.r.c.RepositoryConfigurationDelegate - Multiple Spring Data modules found, entering strict repository configuration mode
2025-03-15 19:59:30 [restartedMain] INFO  o.s.d.r.c.RepositoryConfigurationDelegate - Bootstrapping Spring Data JPA repositories in DEFAULT mode.
2025-03-15 19:59:30 [restartedMain] INFO  o.s.d.r.c.RepositoryConfigurationDelegate - Finished Spring Data repository scanning in 175 ms. Found 2 JPA repository interfaces.
2025-03-15 19:59:30 [restartedMain] INFO  o.s.d.r.c.RepositoryConfigurationDelegate - Multiple Spring Data modules found, entering strict repository configuration mode
2025-03-15 19:59:30 [restartedMain] INFO  o.s.d.r.c.RepositoryConfigurationDelegate - Bootstrapping Spring Data Redis repositories in DEFAULT mode.
2025-03-15 19:59:30 [restartedMain] INFO  o.s.d.r.c.RepositoryConfigurationExtensionSupport - Spring Data Redis - Could not safely identify store assignment for repository candidate interface com.example.Address.Book.repositories.ContactRepository; If you want this repository to be a Redis repository, consider annotating your entities with one of these annotations: org.springframework.data.redis.core.RedisHash (preferred), or consider extending one of the following types with your repository: org.springframework.data.keyvalue.repository.KeyValueRepository
2025-03-15 19:59:30 [restartedMain] INFO  o.s.d.r.c.RepositoryConfigurationExtensionSupport - Spring Data Redis - Could not safely identify store assignment for repository candidate interface com.example.Address.Book.repositories.UserRepository; If you want this repository to be a Redis repository, consider annotating your entities with one of these annotations: org.springframework.data.redis.core.RedisHash (preferred), or consider extending one of the following types with your repository: org.springframework.data.keyvalue.repository.KeyValueRepository
2025-03-15 19:59:30 [restartedMain] INFO  o.s.d.r.c.RepositoryConfigurationDelegate - Finished Spring Data repository scanning in 9 ms. Found 0 Redis repository interfaces.
2025-03-15 19:59:31 [restartedMain] INFO  o.s.b.w.e.tomcat.TomcatWebServer - Tomcat initialized with port 8080 (http)
2025-03-15 19:59:31 [restartedMain] INFO  o.a.catalina.core.StandardService - Starting service [Tomcat]
2025-03-15 19:59:31 [restartedMain] INFO  o.a.catalina.core.StandardEngine - Starting Servlet engine: [Apache Tomcat/10.1.36]
2025-03-15 19:59:31 [restartedMain] INFO  o.a.c.c.C.[Tomcat].[localhost].[/] - Initializing Spring embedded WebApplicationContext
2025-03-15 19:59:31 [restartedMain] INFO  o.s.b.w.s.c.ServletWebServerApplicationContext - Root WebApplicationContext: initialization completed in 2899 ms
2025-03-15 19:59:31 [restartedMain] INFO  o.h.jpa.internal.util.LogHelper - HHH000204: Processing PersistenceUnitInfo [name: default]
2025-03-15 19:59:32 [restartedMain] INFO  org.hibernate.Version - HHH000412: Hibernate ORM core version 6.6.8.Final
2025-03-15 19:59:32 [restartedMain] INFO  o.h.c.i.RegionFactoryInitiator - HHH000026: Second-level cache disabled
2025-03-15 19:59:32 [restartedMain] INFO  o.s.o.j.p.SpringPersistenceUnitInfo - No LoadTimeWeaver setup: ignoring JPA class transformer
2025-03-15 19:59:32 [restartedMain] INFO  com.zaxxer.hikari.HikariDataSource - HikariPool-1 - Starting...
2025-03-15 19:59:32 [restartedMain] INFO  com.zaxxer.hikari.pool.HikariPool - HikariPool-1 - Added connection com.mysql.cj.jdbc.ConnectionImpl@6cb8ef4d
2025-03-15 19:59:32 [restartedMain] INFO  com.zaxxer.hikari.HikariDataSource - HikariPool-1 - Start completed.
2025-03-15 19:59:33 [restartedMain] WARN  org.hibernate.orm.deprecation - HHH90000025: MySQL8Dialect does not need to be specified explicitly using 'hibernate.dialect' (remove the property setting and it will be selected by default)
2025-03-15 19:59:33 [restartedMain] WARN  org.hibernate.orm.deprecation - HHH90000026: MySQL8Dialect has been deprecated; use org.hibernate.dialect.MySQLDialect instead
2025-03-15 19:59:33 [restartedMain] INFO  o.hibernate.orm.connections.pooling - HHH10001005: Database info:
	Database JDBC URL [Connecting through datasource 'HikariDataSource (HikariPool-1)']
	Database driver: undefined/unknown
	Database version: 8.0
	Autocommit mode: undefined/unknown
	Isolation level: undefined/unknown
	Minimum pool size: undefined/unknown
	Maximum pool size: undefined/unknown
2025-03-15 19:59:33 [restartedMain] INFO  o.h.e.t.j.p.i.JtaPlatformInitiator - HHH000489: No JTA platform available (set 'hibernate.transaction.jta.platform' to enable JTA platform integration)
2025-03-15 19:59:34 [restartedMain] INFO  o.s.o.j.LocalContainerEntityManagerFactoryBean - Initialized JPA EntityManagerFactory for persistence unit 'default'
2025-03-15 19:59:35 [restartedMain] WARN  o.s.b.a.o.j.JpaBaseConfiguration$JpaWebConfiguration - spring.jpa.open-in-view is enabled by default. Therefore, database queries may be performed during view rendering. Explicitly configure spring.jpa.open-in-view to disable this warning
2025-03-15 19:59:35 [restartedMain] WARN  o.s.b.a.s.s.UserDetailsServiceAutoConfiguration - 

Using generated security password: 72d159fe-d2ef-4494-923c-0d231871446e

This generated password is for development use only. Your security configuration must be updated before running your application in production.

2025-03-15 19:59:35 [restartedMain] INFO  o.s.s.c.a.a.c.InitializeUserDetailsBeanManagerConfigurer$InitializeUserDetailsManagerConfigurer - Global AuthenticationManager configured with UserDetailsService bean with name inMemoryUserDetailsManager
2025-03-15 19:59:36 [restartedMain] INFO  o.s.b.a.h.H2ConsoleAutoConfiguration - H2 console available at '/h2-console'. Database available at 'jdbc:mysql://localhost:3306/Address?createDatabaseIfNotExist=true'
2025-03-15 19:59:36 [restartedMain] INFO  o.s.b.d.a.OptionalLiveReloadServer - LiveReload server is running on port 35729
2025-03-15 19:59:36 [restartedMain] INFO  o.s.b.w.e.tomcat.TomcatWebServer - Tomcat started on port 8080 (http) with context path '/'
2025-03-15 19:59:36 [restartedMain] INFO  o.s.a.r.c.CachingConnectionFactory - Attempting to connect to: [localhost:5672]
2025-03-15 19:59:36 [restartedMain] INFO  o.s.a.r.c.CachingConnectionFactory - Created new connection: rabbitConnectionFactory#e98870d:0/SimpleConnection@11f8b232 [delegate=amqp://guest@127.0.0.1:5672/, localPort=58090]
2025-03-15 19:59:36 [restartedMain] INFO  c.e.A.Book.AddressBookApplication - Started AddressBookApplication in 8.967 seconds (process running for 9.866)
2025-03-15 19:59:43 [http-nio-8080-exec-1] INFO  o.a.c.c.C.[Tomcat].[localhost].[/] - Initializing Spring DispatcherServlet 'dispatcherServlet'
2025-03-15 19:59:43 [http-nio-8080-exec-1] INFO  o.s.web.servlet.DispatcherServlet - Initializing Servlet 'dispatcherServlet'
2025-03-15 19:59:43 [http-nio-8080-exec-1] INFO  o.s.web.servlet.DispatcherServlet - Completed initialization in 1 ms
2025-03-15 19:59:46 [http-nio-8080-exec-10] INFO  o.s.api.AbstractOpenApiResource - Init duration for springdoc-openapi is: 418 ms
2025-03-15 20:00:13 [org.springframework.amqp.rabbit.RabbitListenerEndpointContainer#0-2] INFO  o.s.a.r.l.SimpleMessageListenerContainer - Waiting for workers to finish.
2025-03-15 20:00:14 [org.springframework.amqp.rabbit.RabbitListenerEndpointContainer#0-2] INFO  o.s.a.r.l.SimpleMessageListenerContainer - Successfully waited for workers to finish.
2025-03-15 20:00:14 [SpringApplicationShutdownHook] INFO  o.s.b.w.e.tomcat.GracefulShutdown - Commencing graceful shutdown. Waiting for active requests to complete
2025-03-15 20:00:14 [tomcat-shutdown] INFO  o.s.b.w.e.tomcat.GracefulShutdown - Graceful shutdown complete
2025-03-15 20:00:14 [SpringApplicationShutdownHook] INFO  o.s.o.j.LocalContainerEntityManagerFactoryBean - Closing JPA EntityManagerFactory for persistence unit 'default'
2025-03-15 20:00:14 [SpringApplicationShutdownHook] INFO  com.zaxxer.hikari.HikariDataSource - HikariPool-1 - Shutdown initiated...
2025-03-15 20:00:14 [SpringApplicationShutdownHook] INFO  com.zaxxer.hikari.HikariDataSource - HikariPool-1 - Shutdown completed.
2025-03-15 20:08:38 [restartedMain] INFO  c.e.A.Book.AddressBookApplication - Starting AddressBookApplication using Java 22.0.1 with PID 14068 (D:\Work\SpringBoot Assignments\Address-Book\target\classes started by kusha in D:\Work\SpringBoot Assignments\Address-Book)
2025-03-15 20:08:38 [restartedMain] DEBUG c.e.A.Book.AddressBookApplication - Running with Spring Boot v3.4.3, Spring v6.2.3
2025-03-15 20:08:38 [restartedMain] INFO  c.e.A.Book.AddressBookApplication - The following 1 profile is active: "dev"
2025-03-15 20:08:38 [restartedMain] INFO  o.s.b.d.e.DevToolsPropertyDefaultsPostProcessor - Devtools property defaults active! Set 'spring.devtools.add-properties' to 'false' to disable
2025-03-15 20:08:38 [restartedMain] INFO  o.s.b.d.e.DevToolsPropertyDefaultsPostProcessor - For additional web related logging consider setting the 'logging.level.web' property to 'DEBUG'
2025-03-15 20:08:39 [restartedMain] INFO  o.s.d.r.c.RepositoryConfigurationDelegate - Multiple Spring Data modules found, entering strict repository configuration mode
2025-03-15 20:08:39 [restartedMain] INFO  o.s.d.r.c.RepositoryConfigurationDelegate - Bootstrapping Spring Data JPA repositories in DEFAULT mode.
2025-03-15 20:08:39 [restartedMain] INFO  o.s.d.r.c.RepositoryConfigurationDelegate - Finished Spring Data repository scanning in 143 ms. Found 2 JPA repository interfaces.
2025-03-15 20:08:39 [restartedMain] INFO  o.s.d.r.c.RepositoryConfigurationDelegate - Multiple Spring Data modules found, entering strict repository configuration mode
2025-03-15 20:08:39 [restartedMain] INFO  o.s.d.r.c.RepositoryConfigurationDelegate - Bootstrapping Spring Data Redis repositories in DEFAULT mode.
2025-03-15 20:08:39 [restartedMain] INFO  o.s.d.r.c.RepositoryConfigurationExtensionSupport - Spring Data Redis - Could not safely identify store assignment for repository candidate interface com.example.Address.Book.repositories.ContactRepository; If you want this repository to be a Redis repository, consider annotating your entities with one of these annotations: org.springframework.data.redis.core.RedisHash (preferred), or consider extending one of the following types with your repository: org.springframework.data.keyvalue.repository.KeyValueRepository
2025-03-15 20:08:39 [restartedMain] INFO  o.s.d.r.c.RepositoryConfigurationExtensionSupport - Spring Data Redis - Could not safely identify store assignment for repository candidate interface com.example.Address.Book.repositories.UserRepository; If you want this repository to be a Redis repository, consider annotating your entities with one of these annotations: org.springframework.data.redis.core.RedisHash (preferred), or consider extending one of the following types with your repository: org.springframework.data.keyvalue.repository.KeyValueRepository
2025-03-15 20:08:39 [restartedMain] INFO  o.s.d.r.c.RepositoryConfigurationDelegate - Finished Spring Data repository scanning in 9 ms. Found 0 Redis repository interfaces.
2025-03-15 20:08:40 [restartedMain] INFO  o.s.b.w.e.tomcat.TomcatWebServer - Tomcat initialized with port 8080 (http)
2025-03-15 20:08:40 [restartedMain] INFO  o.a.catalina.core.StandardService - Starting service [Tomcat]
2025-03-15 20:08:40 [restartedMain] INFO  o.a.catalina.core.StandardEngine - Starting Servlet engine: [Apache Tomcat/10.1.36]
2025-03-15 20:08:40 [restartedMain] INFO  o.a.c.c.C.[Tomcat].[localhost].[/] - Initializing Spring embedded WebApplicationContext
2025-03-15 20:08:40 [restartedMain] INFO  o.s.b.w.s.c.ServletWebServerApplicationContext - Root WebApplicationContext: initialization completed in 2409 ms
2025-03-15 20:08:41 [restartedMain] INFO  o.h.jpa.internal.util.LogHelper - HHH000204: Processing PersistenceUnitInfo [name: default]
2025-03-15 20:08:41 [restartedMain] INFO  org.hibernate.Version - HHH000412: Hibernate ORM core version 6.6.8.Final
2025-03-15 20:08:41 [restartedMain] INFO  o.h.c.i.RegionFactoryInitiator - HHH000026: Second-level cache disabled
2025-03-15 20:08:41 [restartedMain] INFO  o.s.o.j.p.SpringPersistenceUnitInfo - No LoadTimeWeaver setup: ignoring JPA class transformer
2025-03-15 20:08:41 [restartedMain] INFO  com.zaxxer.hikari.HikariDataSource - HikariPool-1 - Starting...
2025-03-15 20:08:41 [restartedMain] INFO  com.zaxxer.hikari.pool.HikariPool - HikariPool-1 - Added connection com.mysql.cj.jdbc.ConnectionImpl@7d0884c7
2025-03-15 20:08:41 [restartedMain] INFO  com.zaxxer.hikari.HikariDataSource - HikariPool-1 - Start completed.
2025-03-15 20:08:42 [restartedMain] WARN  org.hibernate.orm.deprecation - HHH90000025: MySQL8Dialect does not need to be specified explicitly using 'hibernate.dialect' (remove the property setting and it will be selected by default)
2025-03-15 20:08:42 [restartedMain] WARN  org.hibernate.orm.deprecation - HHH90000026: MySQL8Dialect has been deprecated; use org.hibernate.dialect.MySQLDialect instead
2025-03-15 20:08:42 [restartedMain] INFO  o.hibernate.orm.connections.pooling - HHH10001005: Database info:
	Database JDBC URL [Connecting through datasource 'HikariDataSource (HikariPool-1)']
	Database driver: undefined/unknown
	Database version: 8.0
	Autocommit mode: undefined/unknown
	Isolation level: undefined/unknown
	Minimum pool size: undefined/unknown
	Maximum pool size: undefined/unknown
2025-03-15 20:08:42 [restartedMain] INFO  o.h.e.t.j.p.i.JtaPlatformInitiator - HHH000489: No JTA platform available (set 'hibernate.transaction.jta.platform' to enable JTA platform integration)
2025-03-15 20:08:42 [restartedMain] INFO  o.s.o.j.LocalContainerEntityManagerFactoryBean - Initialized JPA EntityManagerFactory for persistence unit 'default'
2025-03-15 20:08:43 [restartedMain] WARN  o.s.b.a.o.j.JpaBaseConfiguration$JpaWebConfiguration - spring.jpa.open-in-view is enabled by default. Therefore, database queries may be performed during view rendering. Explicitly configure spring.jpa.open-in-view to disable this warning
2025-03-15 20:08:43 [restartedMain] WARN  o.s.b.a.s.s.UserDetailsServiceAutoConfiguration - 

Using generated security password: 3e2c5e89-184c-4a76-8ff3-dfa547494349

This generated password is for development use only. Your security configuration must be updated before running your application in production.

2025-03-15 20:08:43 [restartedMain] INFO  o.s.s.c.a.a.c.InitializeUserDetailsBeanManagerConfigurer$InitializeUserDetailsManagerConfigurer - Global AuthenticationManager configured with UserDetailsService bean with name inMemoryUserDetailsManager
2025-03-15 20:08:44 [restartedMain] INFO  o.s.b.a.h.H2ConsoleAutoConfiguration - H2 console available at '/h2-console'. Database available at 'jdbc:mysql://localhost:3306/Address?createDatabaseIfNotExist=true'
2025-03-15 20:08:44 [restartedMain] INFO  o.s.b.d.a.OptionalLiveReloadServer - LiveReload server is running on port 35729
2025-03-15 20:08:45 [restartedMain] INFO  o.s.b.w.e.tomcat.TomcatWebServer - Tomcat started on port 8080 (http) with context path '/'
2025-03-15 20:08:45 [restartedMain] INFO  o.s.a.r.c.CachingConnectionFactory - Attempting to connect to: [localhost:5672]
2025-03-15 20:08:45 [restartedMain] INFO  o.s.a.r.c.CachingConnectionFactory - Created new connection: rabbitConnectionFactory#53a31496:0/SimpleConnection@342f5349 [delegate=amqp://guest@127.0.0.1:5672/, localPort=58179]
2025-03-15 20:08:45 [restartedMain] INFO  c.e.A.Book.AddressBookApplication - Started AddressBookApplication in 7.548 seconds (process running for 8.303)
2025-03-15 20:09:19 [org.springframework.amqp.rabbit.RabbitListenerEndpointContainer#0-2] INFO  o.s.a.r.l.SimpleMessageListenerContainer - Waiting for workers to finish.
2025-03-15 20:09:19 [org.springframework.amqp.rabbit.RabbitListenerEndpointContainer#0-2] INFO  o.s.a.r.l.SimpleMessageListenerContainer - Successfully waited for workers to finish.
2025-03-15 20:09:19 [SpringApplicationShutdownHook] INFO  o.s.b.w.e.tomcat.GracefulShutdown - Commencing graceful shutdown. Waiting for active requests to complete
2025-03-15 20:09:19 [tomcat-shutdown] INFO  o.s.b.w.e.tomcat.GracefulShutdown - Graceful shutdown complete
2025-03-15 20:09:19 [SpringApplicationShutdownHook] INFO  o.s.o.j.LocalContainerEntityManagerFactoryBean - Closing JPA EntityManagerFactory for persistence unit 'default'
2025-03-15 20:09:19 [SpringApplicationShutdownHook] INFO  com.zaxxer.hikari.HikariDataSource - HikariPool-1 - Shutdown initiated...
2025-03-15 20:09:19 [SpringApplicationShutdownHook] INFO  com.zaxxer.hikari.HikariDataSource - HikariPool-1 - Shutdown completed.
2025-03-15 21:44:10 [restartedMain] INFO  c.e.A.Book.AddressBookApplication - Starting AddressBookApplication using Java 22.0.1 with PID 5784 (D:\Work\SpringBoot Assignments\Address-Book\target\classes started by kusha in D:\Work\SpringBoot Assignments\Address-Book)
2025-03-15 21:44:10 [restartedMain] DEBUG c.e.A.Book.AddressBookApplication - Running with Spring Boot v3.4.3, Spring v6.2.3
2025-03-15 21:44:10 [restartedMain] INFO  c.e.A.Book.AddressBookApplication - The following 1 profile is active: "dev"
2025-03-15 21:44:10 [restartedMain] INFO  o.s.b.d.e.DevToolsPropertyDefaultsPostProcessor - Devtools property defaults active! Set 'spring.devtools.add-properties' to 'false' to disable
2025-03-15 21:44:10 [restartedMain] INFO  o.s.b.d.e.DevToolsPropertyDefaultsPostProcessor - For additional web related logging consider setting the 'logging.level.web' property to 'DEBUG'
2025-03-15 21:44:11 [restartedMain] INFO  o.s.d.r.c.RepositoryConfigurationDelegate - Multiple Spring Data modules found, entering strict repository configuration mode
2025-03-15 21:44:11 [restartedMain] INFO  o.s.d.r.c.RepositoryConfigurationDelegate - Bootstrapping Spring Data JPA repositories in DEFAULT mode.
2025-03-15 21:44:11 [restartedMain] INFO  o.s.d.r.c.RepositoryConfigurationDelegate - Finished Spring Data repository scanning in 131 ms. Found 2 JPA repository interfaces.
2025-03-15 21:44:11 [restartedMain] INFO  o.s.d.r.c.RepositoryConfigurationDelegate - Multiple Spring Data modules found, entering strict repository configuration mode
2025-03-15 21:44:11 [restartedMain] INFO  o.s.d.r.c.RepositoryConfigurationDelegate - Bootstrapping Spring Data Redis repositories in DEFAULT mode.
2025-03-15 21:44:11 [restartedMain] INFO  o.s.d.r.c.RepositoryConfigurationExtensionSupport - Spring Data Redis - Could not safely identify store assignment for repository candidate interface com.example.Address.Book.repositories.ContactRepository; If you want this repository to be a Redis repository, consider annotating your entities with one of these annotations: org.springframework.data.redis.core.RedisHash (preferred), or consider extending one of the following types with your repository: org.springframework.data.keyvalue.repository.KeyValueRepository
2025-03-15 21:44:11 [restartedMain] INFO  o.s.d.r.c.RepositoryConfigurationExtensionSupport - Spring Data Redis - Could not safely identify store assignment for repository candidate interface com.example.Address.Book.repositories.UserRepository; If you want this repository to be a Redis repository, consider annotating your entities with one of these annotations: org.springframework.data.redis.core.RedisHash (preferred), or consider extending one of the following types with your repository: org.springframework.data.keyvalue.repository.KeyValueRepository
2025-03-15 21:44:11 [restartedMain] INFO  o.s.d.r.c.RepositoryConfigurationDelegate - Finished Spring Data repository scanning in 8 ms. Found 0 Redis repository interfaces.
2025-03-15 21:44:12 [restartedMain] INFO  o.s.b.w.e.tomcat.TomcatWebServer - Tomcat initialized with port 8080 (http)
2025-03-15 21:44:12 [restartedMain] INFO  o.a.catalina.core.StandardService - Starting service [Tomcat]
2025-03-15 21:44:12 [restartedMain] INFO  o.a.catalina.core.StandardEngine - Starting Servlet engine: [Apache Tomcat/10.1.36]
2025-03-15 21:44:12 [restartedMain] INFO  o.a.c.c.C.[Tomcat].[localhost].[/] - Initializing Spring embedded WebApplicationContext
2025-03-15 21:44:12 [restartedMain] INFO  o.s.b.w.s.c.ServletWebServerApplicationContext - Root WebApplicationContext: initialization completed in 2491 ms
2025-03-15 21:44:12 [restartedMain] INFO  o.h.jpa.internal.util.LogHelper - HHH000204: Processing PersistenceUnitInfo [name: default]
2025-03-15 21:44:12 [restartedMain] INFO  org.hibernate.Version - HHH000412: Hibernate ORM core version 6.6.8.Final
2025-03-15 21:44:12 [restartedMain] INFO  o.h.c.i.RegionFactoryInitiator - HHH000026: Second-level cache disabled
2025-03-15 21:44:13 [restartedMain] INFO  o.s.o.j.p.SpringPersistenceUnitInfo - No LoadTimeWeaver setup: ignoring JPA class transformer
2025-03-15 21:44:13 [restartedMain] INFO  com.zaxxer.hikari.HikariDataSource - HikariPool-1 - Starting...
2025-03-15 21:44:13 [restartedMain] INFO  com.zaxxer.hikari.pool.HikariPool - HikariPool-1 - Added connection com.mysql.cj.jdbc.ConnectionImpl@7896a811
2025-03-15 21:44:13 [restartedMain] INFO  com.zaxxer.hikari.HikariDataSource - HikariPool-1 - Start completed.
2025-03-15 21:44:13 [restartedMain] WARN  org.hibernate.orm.deprecation - HHH90000025: MySQL8Dialect does not need to be specified explicitly using 'hibernate.dialect' (remove the property setting and it will be selected by default)
2025-03-15 21:44:13 [restartedMain] WARN  org.hibernate.orm.deprecation - HHH90000026: MySQL8Dialect has been deprecated; use org.hibernate.dialect.MySQLDialect instead
2025-03-15 21:44:13 [restartedMain] INFO  o.hibernate.orm.connections.pooling - HHH10001005: Database info:
	Database JDBC URL [Connecting through datasource 'HikariDataSource (HikariPool-1)']
	Database driver: undefined/unknown
	Database version: 8.0
	Autocommit mode: undefined/unknown
	Isolation level: undefined/unknown
	Minimum pool size: undefined/unknown
	Maximum pool size: undefined/unknown
2025-03-15 21:44:14 [restartedMain] INFO  o.h.e.t.j.p.i.JtaPlatformInitiator - HHH000489: No JTA platform available (set 'hibernate.transaction.jta.platform' to enable JTA platform integration)
2025-03-15 21:44:14 [restartedMain] INFO  o.s.o.j.LocalContainerEntityManagerFactoryBean - Initialized JPA EntityManagerFactory for persistence unit 'default'
2025-03-15 21:44:15 [restartedMain] WARN  o.s.b.a.o.j.JpaBaseConfiguration$JpaWebConfiguration - spring.jpa.open-in-view is enabled by default. Therefore, database queries may be performed during view rendering. Explicitly configure spring.jpa.open-in-view to disable this warning
2025-03-15 21:44:15 [restartedMain] WARN  o.s.b.a.s.s.UserDetailsServiceAutoConfiguration - 

Using generated security password: 26216a90-6427-4ba4-a26a-dea0afe92ad1

This generated password is for development use only. Your security configuration must be updated before running your application in production.

2025-03-15 21:44:15 [restartedMain] INFO  o.s.s.c.a.a.c.InitializeUserDetailsBeanManagerConfigurer$InitializeUserDetailsManagerConfigurer - Global AuthenticationManager configured with UserDetailsService bean with name inMemoryUserDetailsManager
2025-03-15 21:44:16 [restartedMain] INFO  o.s.b.a.h.H2ConsoleAutoConfiguration - H2 console available at '/h2-console'. Database available at 'jdbc:mysql://localhost:3306/Address?createDatabaseIfNotExist=true'
2025-03-15 21:44:16 [restartedMain] INFO  o.s.b.d.a.OptionalLiveReloadServer - LiveReload server is running on port 35729
2025-03-15 21:44:16 [restartedMain] INFO  o.s.b.w.e.tomcat.TomcatWebServer - Tomcat started on port 8080 (http) with context path '/'
2025-03-15 21:44:16 [restartedMain] INFO  o.s.a.r.c.CachingConnectionFactory - Attempting to connect to: [localhost:5672]
2025-03-15 21:44:16 [restartedMain] INFO  o.s.a.r.c.CachingConnectionFactory - Created new connection: rabbitConnectionFactory#7fa8beeb:0/SimpleConnection@283be62 [delegate=amqp://guest@127.0.0.1:5672/, localPort=59380]
2025-03-15 21:44:16 [restartedMain] INFO  c.e.A.Book.AddressBookApplication - Started AddressBookApplication in 7.405 seconds (process running for 8.048)
2025-03-15 21:44:40 [http-nio-8080-exec-2] INFO  o.a.c.c.C.[Tomcat].[localhost].[/] - Initializing Spring DispatcherServlet 'dispatcherServlet'
2025-03-15 21:44:40 [http-nio-8080-exec-2] INFO  o.s.web.servlet.DispatcherServlet - Initializing Servlet 'dispatcherServlet'
2025-03-15 21:44:40 [http-nio-8080-exec-2] INFO  o.s.web.servlet.DispatcherServlet - Completed initialization in 2 ms
2025-03-15 21:44:45 [http-nio-8080-exec-3] INFO  c.e.A.B.controllers.UserController - Database clear request made 
2025-03-15 21:44:45 [http-nio-8080-exec-3] INFO  c.e.A.B.s.AuthenticationService - all data inside db is deleted
2025-03-15 21:44:49 [http-nio-8080-exec-4] INFO  c.e.A.B.controllers.UserController - User tried to register with body: {"firstName":"Kushagra","lastName":"Sharma","email":"kushagrasharma582003@gmail.com","password":"abc#A1dass","id":null}
2025-03-15 21:44:49 [http-nio-8080-exec-4] INFO  c.e.A.B.s.AuthenticationService - User saved in database : {"firstName":"Kushagra","lastName":"Sharma","email":"kushagrasharma582003@gmail.com","password":"abc#A1dass","hashPass":"$2a$10$7eSiTxVPPT8AfJw6Op1yXeDbnzypf0vZtZHCG7t9QtuRxbebbPSKa","token":"","id":652}
2025-03-15 21:44:57 [http-nio-8080-exec-6] INFO  c.e.A.B.controllers.UserController - User tried to login with body: {"email":"kushagrasharma582003@gmail.com","password":"abc#A1dass"}
2025-03-15 21:44:58 [http-nio-8080-exec-6] INFO  c.e.A.B.s.AuthenticationService - User logged in with email kushagrasharma582003@gmail.com
2025-03-15 21:45:14 [http-nio-8080-exec-8] INFO  c.e.A.B.c.AddressController - Employee tried to create with body: {"name":"Kushagra Sharma","email":"kussssssssshh@gmail.com","phoneNumber":299302032,"id":null,"address":"kamla nagar"}
2025-03-15 21:45:14 [http-nio-8080-exec-8] INFO  c.e.A.Book.services.ContactService - Contact saved in db: {"name":"Kushagra Sharma","email":"kussssssssshh@gmail.com","phoneNumber":299302032,"address":"kamla nagar","id":352,"userId":652}
2025-03-15 21:45:14 [http-nio-8080-exec-8] INFO  c.e.A.Book.services.ContactService - Contact DTO sent: {"name":"Kushagra Sharma","email":"kussssssssshh@gmail.com","phoneNumber":299302032,"id":352,"address":"kamla nagar"}
2025-03-15 21:46:19 [http-nio-8080-exec-1] INFO  c.e.A.B.c.AddressController - Employee tried to create with body: {"name":"Naman Agarwal","email":"naman@gmail.com","phoneNumber":299302032,"id":null,"address":"Sikandra"}
2025-03-15 21:46:19 [http-nio-8080-exec-1] INFO  c.e.A.Book.services.ContactService - Contact saved in db: {"name":"Naman Agarwal","email":"naman@gmail.com","phoneNumber":299302032,"address":"Sikandra","id":353,"userId":652}
2025-03-15 21:46:19 [http-nio-8080-exec-1] INFO  c.e.A.Book.services.ContactService - Contact DTO sent: {"name":"Naman Agarwal","email":"naman@gmail.com","phoneNumber":299302032,"id":353,"address":"Sikandra"}
2025-03-15 21:46:46 [http-nio-8080-exec-2] INFO  c.e.A.B.c.AddressController - Employee tried to getAll
2025-03-15 21:47:22 [http-nio-8080-exec-3] INFO  c.e.A.B.controllers.UserController - User tried to register with body: {"firstName":"Vedansh","lastName":"Gautam","email":"vedansh@gmail.com","password":"abc#A1dass","id":null}
2025-03-15 21:47:22 [http-nio-8080-exec-3] INFO  c.e.A.B.s.AuthenticationService - User saved in database : {"firstName":"Vedansh","lastName":"Gautam","email":"vedansh@gmail.com","password":"abc#A1dass","hashPass":"$2a$10$QDRl3us/5aVeRMTcDJY8e.Tq7bhEYPlP9fo3AEF/NFLc.3hMUNn.y","token":"","id":653}
2025-03-15 21:47:56 [http-nio-8080-exec-4] INFO  c.e.A.B.controllers.UserController - User tried to login with body: {"email":"vedansh@gmail.com","password":"abc#A1dass"}
2025-03-15 21:47:56 [http-nio-8080-exec-4] INFO  c.e.A.B.s.AuthenticationService - User logged in with email vedansh@gmail.com
2025-03-15 21:48:51 [http-nio-8080-exec-5] INFO  c.e.A.B.c.AddressController - Employee tried to create with body: {"name":"Rishank Mehrotra","email":"rishank@gmail.com","phoneNumber":299302032,"id":null,"address":"Tundla"}
2025-03-15 21:48:51 [http-nio-8080-exec-5] INFO  c.e.A.Book.services.ContactService - Contact saved in db: {"name":"Rishank Mehrotra","email":"rishank@gmail.com","phoneNumber":299302032,"address":"Tundla","id":354,"userId":653}
2025-03-15 21:48:51 [http-nio-8080-exec-5] INFO  c.e.A.Book.services.ContactService - Contact DTO sent: {"name":"Rishank Mehrotra","email":"rishank@gmail.com","phoneNumber":299302032,"id":354,"address":"Tundla"}
2025-03-15 21:49:24 [http-nio-8080-exec-6] INFO  c.e.A.B.c.AddressController - Employee tried to getAll
2025-03-15 21:49:53 [org.springframework.amqp.rabbit.RabbitListenerEndpointContainer#0-2] INFO  o.s.a.r.l.SimpleMessageListenerContainer - Waiting for workers to finish.
2025-03-15 21:49:53 [org.springframework.amqp.rabbit.RabbitListenerEndpointContainer#0-2] INFO  o.s.a.r.l.SimpleMessageListenerContainer - Successfully waited for workers to finish.
2025-03-15 21:49:53 [SpringApplicationShutdownHook] INFO  o.s.b.w.e.tomcat.GracefulShutdown - Commencing graceful shutdown. Waiting for active requests to complete
2025-03-15 21:49:53 [tomcat-shutdown] INFO  o.s.b.w.e.tomcat.GracefulShutdown - Graceful shutdown complete
2025-03-15 21:49:53 [SpringApplicationShutdownHook] INFO  o.s.o.j.LocalContainerEntityManagerFactoryBean - Closing JPA EntityManagerFactory for persistence unit 'default'
2025-03-15 21:49:53 [SpringApplicationShutdownHook] INFO  com.zaxxer.hikari.HikariDataSource - HikariPool-1 - Shutdown initiated...
2025-03-15 21:49:53 [SpringApplicationShutdownHook] INFO  com.zaxxer.hikari.HikariDataSource - HikariPool-1 - Shutdown completed.
